2006.09.14 10:33:54.650 BST INFO: *** SYSTEM START ***
2006.09.14 10:33:54.666 BST CONFIG: Protege 3.1.1 Build 216, JVM 1.5.0_03-b07, memory=66M, Windows XP, encoding=UTF-8, language=en, country=GB -- SystemUtilities.logSystemInfo()
2006.09.14 10:33:54.666 BST WARNING: Plugins directory not found: C:\develop\SQuAnTo\plugins -- PluginUtilities.findPluginsDirectory()
2006.09.14 10:33:55.384 BST WARNING: java.lang.NullPointerException -- ProjectManager.setLookAndFeel()
2006.09.14 10:40:12.947 BST INFO: *** SYSTEM START ***
2006.09.14 10:40:12.947 BST CONFIG: Protege 3.1.1 Build 216, JVM 1.5.0_03-b07, memory=66M, Windows XP, encoding=UTF-8, language=en, country=GB -- SystemUtilities.logSystemInfo()
2006.09.14 10:40:12.962 BST WARNING: Plugins directory not found: C:\develop\SQuAnTo\plugins -- PluginUtilities.findPluginsDirectory()
2006.09.14 10:40:13.837 BST WARNING: java.lang.NullPointerException -- ProjectManager.setLookAndFeel()
2006.09.14 10:43:09.995 BST INFO: *** SYSTEM START ***
2006.09.14 10:43:09.995 BST CONFIG: Protege 3.1.1 Build 216, JVM 1.5.0_03-b07, memory=66M, Windows XP, encoding=UTF-8, language=en, country=GB -- SystemUtilities.logSystemInfo()
2006.09.14 10:43:10.010 BST WARNING: Plugins directory not found: C:\develop\SQuAnTo\plugins -- PluginUtilities.findPluginsDirectory()
2006.09.14 10:43:10.854 BST WARNING: java.lang.NullPointerException -- ProjectManager.setLookAndFeel()
2006.09.14 11:01:00.577 BST INFO: *** SYSTEM START ***
2006.09.14 11:01:00.577 BST CONFIG: Protege 3.1.1 Build 216, JVM 1.5.0_03-b07, memory=66M, Windows XP, encoding=UTF-8, language=en, country=GB -- SystemUtilities.logSystemInfo()
2006.09.14 11:01:01.624 BST WARNING: missing bundle: standard_extensions_text -- BundleHelper.<init>()
2006.09.14 11:01:01.640 BST WARNING: no resource bundle: tab.queries -- BundleHelper.internalGetText()
2006.09.14 11:01:01.780 BST CONFIG: Loaded plugin edu.stanford.smi.protegex.owl - OWL Plugin -- PluginUtilities.logClassLoaderInformation()
2006.09.14 11:01:01.796 BST CONFIG: Loaded plugin ca.uvic.cs.chisel.jambalaya - Jambalaya -- PluginUtilities.logClassLoaderInformation()
2006.09.14 11:01:01.812 BST CONFIG: Loaded plugin dfki.protege.ontoviz -- PluginUtilities.logClassLoaderInformation()
2006.09.14 11:01:01.827 BST CONFIG: Loaded plugin edu.stanford.smi.protege.script - Script Plugin -- PluginUtilities.logClassLoaderInformation()
2006.09.14 11:01:01.843 BST CONFIG: Loaded plugin edu.stanford.smi.protegex.standard_extensions - Graph Widget, Table Widget -- PluginUtilities.logClassLoaderInformation()
2006.09.14 11:01:01.858 BST CONFIG: Loaded plugin edu.stanford.smi.protege.stringsearch - String Search Tab -- PluginUtilities.logClassLoaderInformation()
2006.09.14 11:01:01.858 BST CONFIG: Loaded plugin edu.stanford.smi.protegex.pal_tabs - PAL Tabs -- PluginUtilities.logClassLoaderInformation()
2006.09.14 11:01:01.874 BST CONFIG: Loaded plugin edu.stanford.smi.protegex.ezpal - EZPal Tab -- PluginUtilities.logClassLoaderInformation()
2006.09.14 11:01:01.874 BST CONFIG: Loaded plugin edu.stanford.smi.protegex.facets_tab -- PluginUtilities.logClassLoaderInformation()
2006.09.14 11:01:01.874 BST CONFIG: Loaded plugin edu.stanford.smi.protegex.instance_tree -- PluginUtilities.logClassLoaderInformation()
2006.09.14 11:01:01.890 BST CONFIG: Loaded plugin edu.stanford.smi.protegex.prompt - PROMPT tab -- PluginUtilities.logClassLoaderInformation()
2006.09.14 11:01:01.890 BST CONFIG: Loaded plugin edu.stanford.smi.protegex.psm - PSM Librarian -- PluginUtilities.logClassLoaderInformation()
2006.09.14 11:01:01.905 BST CONFIG: Loaded plugin edu.stanford.smi.protegex.rdf_backend - RDF Backend -- PluginUtilities.logClassLoaderInformation()
2006.09.14 11:01:01.905 BST CONFIG: Loaded plugin edu.stanford.smi.protegex.umls_tab - UMLS Tab -- PluginUtilities.logClassLoaderInformation()
2006.09.14 11:01:01.921 BST CONFIG: Loaded plugin edu.stanford.smi.protegex.wordnet - WordNet Tab -- PluginUtilities.logClassLoaderInformation()
2006.09.14 11:01:01.937 BST CONFIG: Loaded plugin edu.stanford.smi.protegex.xml_tab - XML Tab -- PluginUtilities.logClassLoaderInformation()
2006.09.14 11:01:01.937 BST CONFIG: Loaded plugin edu.washington.datagenie -- PluginUtilities.logClassLoaderInformation()
2006.09.14 11:01:01.937 BST CONFIG: Loaded plugin JessTab - JessTab Plugin -- PluginUtilities.logClassLoaderInformation()
2006.09.14 11:01:01.952 BST CONFIG: Loaded plugin org.algernon - Algernon -- PluginUtilities.logClassLoaderInformation()
2006.09.14 11:01:01.952 BST CONFIG: Loaded plugin uk.ac.ecs.iam.akt.tgviztab - TGVizTab -- PluginUtilities.logClassLoaderInformation()
2006.09.14 11:01:01.952 BST CONFIG: Loaded plugin uk.ac.man.cs.mig.coode.owldoc -- PluginUtilities.logClassLoaderInformation()
2006.09.14 11:01:01.968 BST CONFIG: Loaded plugin uk.ac.man.cs.mig.coode.owlviz -- PluginUtilities.logClassLoaderInformation()
2006.09.14 11:01:01.968 BST CONFIG: Loaded plugin uk.ac.man.cs.mig.coode.protege.wizard - Basic Wizards -- PluginUtilities.logClassLoaderInformation()
2006.09.14 11:01:01.983 BST CONFIG: Loaded plugin uk.ac.man.cs.mig.coode.protege.wizard.owl - OWL Wizards -- PluginUtilities.logClassLoaderInformation()
2006.09.14 11:01:02.015 BST WARNING: java.lang.NullPointerException -- ProjectManager.setLookAndFeel()
2006.09.14 11:17:42.119 BST INFO: *** SYSTEM START ***
2006.09.14 11:17:42.119 BST CONFIG: Protege 3.1.1 Build 216, JVM 1.5.0_03-b07, memory=66M, Windows XP, encoding=UTF-8, language=en, country=GB -- SystemUtilities.logSystemInfo()
2006.09.14 11:17:43.166 BST WARNING: missing bundle: standard_extensions_text -- BundleHelper.<init>()
2006.09.14 11:17:43.166 BST WARNING: no resource bundle: tab.queries -- BundleHelper.internalGetText()
2006.09.14 11:17:43.338 BST CONFIG: Loaded plugin edu.stanford.smi.protegex.owl - OWL Plugin -- PluginUtilities.logClassLoaderInformation()
2006.09.14 11:17:43.353 BST CONFIG: Loaded plugin ca.uvic.cs.chisel.jambalaya - Jambalaya -- PluginUtilities.logClassLoaderInformation()
2006.09.14 11:17:43.369 BST CONFIG: Loaded plugin dfki.protege.ontoviz -- PluginUtilities.logClassLoaderInformation()
2006.09.14 11:17:43.385 BST CONFIG: Loaded plugin edu.stanford.smi.protege.script - Script Plugin -- PluginUtilities.logClassLoaderInformation()
2006.09.14 11:17:43.400 BST CONFIG: Loaded plugin edu.stanford.smi.protegex.standard_extensions - Graph Widget, Table Widget -- PluginUtilities.logClassLoaderInformation()
2006.09.14 11:17:43.416 BST CONFIG: Loaded plugin edu.stanford.smi.protege.stringsearch - String Search Tab -- PluginUtilities.logClassLoaderInformation()
2006.09.14 11:17:43.416 BST CONFIG: Loaded plugin edu.stanford.smi.protegex.pal_tabs - PAL Tabs -- PluginUtilities.logClassLoaderInformation()
2006.09.14 11:17:43.431 BST CONFIG: Loaded plugin edu.stanford.smi.protegex.ezpal - EZPal Tab -- PluginUtilities.logClassLoaderInformation()
2006.09.14 11:17:43.431 BST CONFIG: Loaded plugin edu.stanford.smi.protegex.facets_tab -- PluginUtilities.logClassLoaderInformation()
2006.09.14 11:17:43.447 BST CONFIG: Loaded plugin edu.stanford.smi.protegex.instance_tree -- PluginUtilities.logClassLoaderInformation()
2006.09.14 11:17:43.447 BST CONFIG: Loaded plugin edu.stanford.smi.protegex.prompt - PROMPT tab -- PluginUtilities.logClassLoaderInformation()
2006.09.14 11:17:43.463 BST CONFIG: Loaded plugin edu.stanford.smi.protegex.psm - PSM Librarian -- PluginUtilities.logClassLoaderInformation()
2006.09.14 11:17:43.463 BST CONFIG: Loaded plugin edu.stanford.smi.protegex.rdf_backend - RDF Backend -- PluginUtilities.logClassLoaderInformation()
2006.09.14 11:17:43.478 BST CONFIG: Loaded plugin edu.stanford.smi.protegex.umls_tab - UMLS Tab -- PluginUtilities.logClassLoaderInformation()
2006.09.14 11:17:43.478 BST CONFIG: Loaded plugin edu.stanford.smi.protegex.wordnet - WordNet Tab -- PluginUtilities.logClassLoaderInformation()
2006.09.14 11:17:43.494 BST CONFIG: Loaded plugin edu.stanford.smi.protegex.xml_tab - XML Tab -- PluginUtilities.logClassLoaderInformation()
2006.09.14 11:17:43.494 BST CONFIG: Loaded plugin edu.washington.datagenie -- PluginUtilities.logClassLoaderInformation()
2006.09.14 11:17:43.494 BST CONFIG: Loaded plugin JessTab - JessTab Plugin -- PluginUtilities.logClassLoaderInformation()
2006.09.14 11:17:43.510 BST CONFIG: Loaded plugin org.algernon - Algernon -- PluginUtilities.logClassLoaderInformation()
2006.09.14 11:17:43.510 BST CONFIG: Loaded plugin uk.ac.ecs.iam.akt.tgviztab - TGVizTab -- PluginUtilities.logClassLoaderInformation()
2006.09.14 11:17:43.525 BST CONFIG: Loaded plugin uk.ac.man.cs.mig.coode.owldoc -- PluginUtilities.logClassLoaderInformation()
2006.09.14 11:17:43.525 BST CONFIG: Loaded plugin uk.ac.man.cs.mig.coode.owlviz -- PluginUtilities.logClassLoaderInformation()
2006.09.14 11:17:43.525 BST CONFIG: Loaded plugin uk.ac.man.cs.mig.coode.protege.wizard - Basic Wizards -- PluginUtilities.logClassLoaderInformation()
2006.09.14 11:17:43.541 BST CONFIG: Loaded plugin uk.ac.man.cs.mig.coode.protege.wizard.owl - OWL Wizards -- PluginUtilities.logClassLoaderInformation()
2006.09.14 11:17:43.588 BST WARNING: java.lang.NullPointerException -- ProjectManager.setLookAndFeel()
2006.09.14 11:22:13.675 BST INFO: *** SYSTEM START ***
2006.09.14 11:22:13.675 BST CONFIG: Protege 3.1.1 Build 216, JVM 1.5.0_03-b07, memory=66M, Windows XP, encoding=UTF-8, language=en, country=GB -- SystemUtilities.logSystemInfo()
2006.09.14 11:22:14.674 BST WARNING: missing bundle: standard_extensions_text -- BundleHelper.<init>()
2006.09.14 11:22:14.674 BST WARNING: no resource bundle: tab.queries -- BundleHelper.internalGetText()
2006.09.14 11:22:14.815 BST CONFIG: Loaded plugin edu.stanford.smi.protegex.owl - OWL Plugin -- PluginUtilities.logClassLoaderInformation()
2006.09.14 11:22:14.846 BST CONFIG: Loaded plugin ca.uvic.cs.chisel.jambalaya - Jambalaya -- PluginUtilities.logClassLoaderInformation()
2006.09.14 11:22:14.862 BST CONFIG: Loaded plugin dfki.protege.ontoviz -- PluginUtilities.logClassLoaderInformation()
2006.09.14 11:22:14.878 BST CONFIG: Loaded plugin edu.stanford.smi.protege.script - Script Plugin -- PluginUtilities.logClassLoaderInformation()
2006.09.14 11:22:14.893 BST CONFIG: Loaded plugin edu.stanford.smi.protegex.standard_extensions - Graph Widget, Table Widget -- PluginUtilities.logClassLoaderInformation()
2006.09.14 11:22:14.909 BST CONFIG: Loaded plugin edu.stanford.smi.protege.stringsearch - String Search Tab -- PluginUtilities.logClassLoaderInformation()
2006.09.14 11:22:14.909 BST CONFIG: Loaded plugin edu.stanford.smi.protegex.pal_tabs - PAL Tabs -- PluginUtilities.logClassLoaderInformation()
2006.09.14 11:22:14.924 BST CONFIG: Loaded plugin edu.stanford.smi.protegex.ezpal - EZPal Tab -- PluginUtilities.logClassLoaderInformation()
2006.09.14 11:22:14.924 BST CONFIG: Loaded plugin edu.stanford.smi.protegex.facets_tab -- PluginUtilities.logClassLoaderInformation()
2006.09.14 11:22:14.924 BST CONFIG: Loaded plugin edu.stanford.smi.protegex.instance_tree -- PluginUtilities.logClassLoaderInformation()
2006.09.14 11:22:14.940 BST CONFIG: Loaded plugin edu.stanford.smi.protegex.prompt - PROMPT tab -- PluginUtilities.logClassLoaderInformation()
2006.09.14 11:22:14.940 BST CONFIG: Loaded plugin edu.stanford.smi.protegex.psm - PSM Librarian -- PluginUtilities.logClassLoaderInformation()
2006.09.14 11:22:14.956 BST CONFIG: Loaded plugin edu.stanford.smi.protegex.rdf_backend - RDF Backend -- PluginUtilities.logClassLoaderInformation()
2006.09.14 11:22:14.956 BST CONFIG: Loaded plugin edu.stanford.smi.protegex.umls_tab - UMLS Tab -- PluginUtilities.logClassLoaderInformation()
2006.09.14 11:22:14.956 BST CONFIG: Loaded plugin edu.stanford.smi.protegex.wordnet - WordNet Tab -- PluginUtilities.logClassLoaderInformation()
2006.09.14 11:22:14.971 BST CONFIG: Loaded plugin edu.stanford.smi.protegex.xml_tab - XML Tab -- PluginUtilities.logClassLoaderInformation()
2006.09.14 11:22:14.971 BST CONFIG: Loaded plugin edu.washington.datagenie -- PluginUtilities.logClassLoaderInformation()
2006.09.14 11:22:14.987 BST CONFIG: Loaded plugin JessTab - JessTab Plugin -- PluginUtilities.logClassLoaderInformation()
2006.09.14 11:22:14.987 BST CONFIG: Loaded plugin org.algernon - Algernon -- PluginUtilities.logClassLoaderInformation()
2006.09.14 11:22:15.003 BST CONFIG: Loaded plugin uk.ac.ecs.iam.akt.tgviztab - TGVizTab -- PluginUtilities.logClassLoaderInformation()
2006.09.14 11:22:15.003 BST CONFIG: Loaded plugin uk.ac.man.cs.mig.coode.owldoc -- PluginUtilities.logClassLoaderInformation()
2006.09.14 11:22:15.018 BST CONFIG: Loaded plugin uk.ac.man.cs.mig.coode.owlviz -- PluginUtilities.logClassLoaderInformation()
2006.09.14 11:22:15.018 BST CONFIG: Loaded plugin uk.ac.man.cs.mig.coode.protege.wizard - Basic Wizards -- PluginUtilities.logClassLoaderInformation()
2006.09.14 11:22:15.018 BST CONFIG: Loaded plugin uk.ac.man.cs.mig.coode.protege.wizard.owl - OWL Wizards -- PluginUtilities.logClassLoaderInformation()
2006.09.14 11:22:15.049 BST WARNING: java.lang.NullPointerException -- ProjectManager.setLookAndFeel()
2006.09.15 14:24:44.656 BST INFO: *** SYSTEM START ***
2006.09.15 14:24:44.656 BST CONFIG: Protege 3.1.1 Build 216, JVM 1.5.0_03-b07, memory=66M, Windows XP, encoding=UTF-8, language=en, country=GB -- SystemUtilities.logSystemInfo()
2006.09.15 14:24:45.781 BST WARNING: missing bundle: standard_extensions_text -- BundleHelper.<init>()
2006.09.15 14:24:45.781 BST WARNING: no resource bundle: tab.queries -- BundleHelper.internalGetText()
2006.09.15 14:24:45.969 BST CONFIG: Loaded plugin edu.stanford.smi.protegex.owl - OWL Plugin -- PluginUtilities.logClassLoaderInformation()
2006.09.15 14:24:45.984 BST CONFIG: Loaded plugin ca.uvic.cs.chisel.jambalaya - Jambalaya -- PluginUtilities.logClassLoaderInformation()
2006.09.15 14:24:46.000 BST CONFIG: Loaded plugin dfki.protege.ontoviz -- PluginUtilities.logClassLoaderInformation()
2006.09.15 14:24:46.047 BST CONFIG: Loaded plugin edu.stanford.smi.protege.script - Script Plugin -- PluginUtilities.logClassLoaderInformation()
2006.09.15 14:24:46.063 BST CONFIG: Loaded plugin edu.stanford.smi.protegex.standard_extensions - Graph Widget, Table Widget -- PluginUtilities.logClassLoaderInformation()
2006.09.15 14:24:46.078 BST CONFIG: Loaded plugin edu.stanford.smi.protege.stringsearch - String Search Tab -- PluginUtilities.logClassLoaderInformation()
2006.09.15 14:24:46.078 BST CONFIG: Loaded plugin edu.stanford.smi.protegex.pal_tabs - PAL Tabs -- PluginUtilities.logClassLoaderInformation()
2006.09.15 14:24:46.078 BST CONFIG: Loaded plugin edu.stanford.smi.protegex.ezpal - EZPal Tab -- PluginUtilities.logClassLoaderInformation()
2006.09.15 14:24:46.094 BST CONFIG: Loaded plugin edu.stanford.smi.protegex.facets_tab -- PluginUtilities.logClassLoaderInformation()
2006.09.15 14:24:46.094 BST CONFIG: Loaded plugin edu.stanford.smi.protegex.instance_tree -- PluginUtilities.logClassLoaderInformation()
2006.09.15 14:24:46.109 BST CONFIG: Loaded plugin edu.stanford.smi.protegex.prompt - PROMPT tab -- PluginUtilities.logClassLoaderInformation()
2006.09.15 14:24:46.109 BST CONFIG: Loaded plugin edu.stanford.smi.protegex.psm - PSM Librarian -- PluginUtilities.logClassLoaderInformation()
2006.09.15 14:24:46.125 BST CONFIG: Loaded plugin edu.stanford.smi.protegex.rdf_backend - RDF Backend -- PluginUtilities.logClassLoaderInformation()
2006.09.15 14:24:46.125 BST CONFIG: Loaded plugin edu.stanford.smi.protegex.umls_tab - UMLS Tab -- PluginUtilities.logClassLoaderInformation()
2006.09.15 14:24:46.141 BST CONFIG: Loaded plugin edu.stanford.smi.protegex.wordnet - WordNet Tab -- PluginUtilities.logClassLoaderInformation()
2006.09.15 14:24:46.141 BST CONFIG: Loaded plugin edu.stanford.smi.protegex.xml_tab - XML Tab -- PluginUtilities.logClassLoaderInformation()
2006.09.15 14:24:46.141 BST CONFIG: Loaded plugin edu.washington.datagenie -- PluginUtilities.logClassLoaderInformation()
2006.09.15 14:24:46.156 BST CONFIG: Loaded plugin JessTab - JessTab Plugin -- PluginUtilities.logClassLoaderInformation()
2006.09.15 14:24:46.156 BST CONFIG: Loaded plugin org.algernon - Algernon -- PluginUtilities.logClassLoaderInformation()
2006.09.15 14:24:46.172 BST CONFIG: Loaded plugin uk.ac.ecs.iam.akt.tgviztab - TGVizTab -- PluginUtilities.logClassLoaderInformation()
2006.09.15 14:24:46.172 BST CONFIG: Loaded plugin uk.ac.man.cs.mig.coode.owldoc -- PluginUtilities.logClassLoaderInformation()
2006.09.15 14:24:46.188 BST CONFIG: Loaded plugin uk.ac.man.cs.mig.coode.owlviz -- PluginUtilities.logClassLoaderInformation()
2006.09.15 14:24:46.188 BST CONFIG: Loaded plugin uk.ac.man.cs.mig.coode.protege.wizard - Basic Wizards -- PluginUtilities.logClassLoaderInformation()
2006.09.15 14:24:46.203 BST CONFIG: Loaded plugin uk.ac.man.cs.mig.coode.protege.wizard.owl - OWL Wizards -- PluginUtilities.logClassLoaderInformation()
2006.09.15 14:24:46.234 BST WARNING: java.lang.NullPointerException -- ProjectManager.setLookAndFeel()
2006.09.15 14:25:24.485 BST WARNING: missing bundle: protege_text -- BundleHelper.<init>()
2006.09.15 15:09:54.970 BST INFO: *** SYSTEM START ***
2006.09.15 15:09:54.970 BST CONFIG: Protege 3.1.1 Build 216, JVM 1.5.0_03-b07, memory=66M, Windows XP, encoding=UTF-8, language=en, country=GB -- SystemUtilities.logSystemInfo()
2006.09.15 15:09:56.033 BST WARNING: missing bundle: standard_extensions_text -- BundleHelper.<init>()
2006.09.15 15:09:56.049 BST WARNING: no resource bundle: tab.queries -- BundleHelper.internalGetText()
2006.09.15 15:09:56.205 BST CONFIG: Loaded plugin edu.stanford.smi.protegex.owl - OWL Plugin -- PluginUtilities.logClassLoaderInformation()
2006.09.15 15:09:56.220 BST CONFIG: Loaded plugin ca.uvic.cs.chisel.jambalaya - Jambalaya -- PluginUtilities.logClassLoaderInformation()
2006.09.15 15:09:56.236 BST CONFIG: Loaded plugin dfki.protege.ontoviz -- PluginUtilities.logClassLoaderInformation()
2006.09.15 15:09:56.267 BST CONFIG: Loaded plugin edu.stanford.smi.protege.script - Script Plugin -- PluginUtilities.logClassLoaderInformation()
2006.09.15 15:09:56.283 BST CONFIG: Loaded plugin edu.stanford.smi.protegex.standard_extensions - Graph Widget, Table Widget -- PluginUtilities.logClassLoaderInformation()
2006.09.15 15:09:56.283 BST CONFIG: Loaded plugin edu.stanford.smi.protege.stringsearch - String Search Tab -- PluginUtilities.logClassLoaderInformation()
2006.09.15 15:09:56.299 BST CONFIG: Loaded plugin edu.stanford.smi.protegex.pal_tabs - PAL Tabs -- PluginUtilities.logClassLoaderInformation()
2006.09.15 15:09:56.299 BST CONFIG: Loaded plugin edu.stanford.smi.protegex.ezpal - EZPal Tab -- PluginUtilities.logClassLoaderInformation()
2006.09.15 15:09:56.314 BST CONFIG: Loaded plugin edu.stanford.smi.protegex.facets_tab -- PluginUtilities.logClassLoaderInformation()
2006.09.15 15:09:56.314 BST CONFIG: Loaded plugin edu.stanford.smi.protegex.instance_tree -- PluginUtilities.logClassLoaderInformation()
2006.09.15 15:09:56.314 BST CONFIG: Loaded plugin edu.stanford.smi.protegex.prompt - PROMPT tab -- PluginUtilities.logClassLoaderInformation()
2006.09.15 15:09:56.330 BST CONFIG: Loaded plugin edu.stanford.smi.protegex.psm - PSM Librarian -- PluginUtilities.logClassLoaderInformation()
2006.09.15 15:09:56.330 BST CONFIG: Loaded plugin edu.stanford.smi.protegex.rdf_backend - RDF Backend -- PluginUtilities.logClassLoaderInformation()
2006.09.15 15:09:56.345 BST CONFIG: Loaded plugin edu.stanford.smi.protegex.umls_tab - UMLS Tab -- PluginUtilities.logClassLoaderInformation()
2006.09.15 15:09:56.345 BST CONFIG: Loaded plugin edu.stanford.smi.protegex.wordnet - WordNet Tab -- PluginUtilities.logClassLoaderInformation()
2006.09.15 15:09:56.361 BST CONFIG: Loaded plugin edu.stanford.smi.protegex.xml_tab - XML Tab -- PluginUtilities.logClassLoaderInformation()
2006.09.15 15:09:56.361 BST CONFIG: Loaded plugin edu.washington.datagenie -- PluginUtilities.logClassLoaderInformation()
2006.09.15 15:09:56.361 BST CONFIG: Loaded plugin JessTab - JessTab Plugin -- PluginUtilities.logClassLoaderInformation()
2006.09.15 15:09:56.377 BST CONFIG: Loaded plugin org.algernon - Algernon -- PluginUtilities.logClassLoaderInformation()
2006.09.15 15:09:56.392 BST CONFIG: Loaded plugin uk.ac.ecs.iam.akt.tgviztab - TGVizTab -- PluginUtilities.logClassLoaderInformation()
2006.09.15 15:09:56.392 BST CONFIG: Loaded plugin uk.ac.man.cs.mig.coode.owldoc -- PluginUtilities.logClassLoaderInformation()
2006.09.15 15:09:56.392 BST CONFIG: Loaded plugin uk.ac.man.cs.mig.coode.owlviz -- PluginUtilities.logClassLoaderInformation()
2006.09.15 15:09:56.408 BST CONFIG: Loaded plugin uk.ac.man.cs.mig.coode.protege.wizard - Basic Wizards -- PluginUtilities.logClassLoaderInformation()
2006.09.15 15:09:56.408 BST CONFIG: Loaded plugin uk.ac.man.cs.mig.coode.protege.wizard.owl - OWL Wizards -- PluginUtilities.logClassLoaderInformation()
2006.09.15 15:09:56.439 BST WARNING: java.lang.NullPointerException -- ProjectManager.setLookAndFeel()
2006.09.15 15:57:49.739 BST INFO: *** SYSTEM START ***
2006.09.15 15:57:49.754 BST CONFIG: Protege 3.1.1 Build 216, JVM 1.5.0_03-b07, memory=66M, Windows XP, encoding=UTF-8, language=en, country=GB -- SystemUtilities.logSystemInfo()
2006.09.15 15:57:50.786 BST WARNING: missing bundle: standard_extensions_text -- BundleHelper.<init>()
2006.09.15 15:57:50.786 BST WARNING: no resource bundle: tab.queries -- BundleHelper.internalGetText()
2006.09.15 15:57:50.942 BST CONFIG: Loaded plugin edu.stanford.smi.protegex.owl - OWL Plugin -- PluginUtilities.logClassLoaderInformation()
2006.09.15 15:57:50.958 BST CONFIG: Loaded plugin ca.uvic.cs.chisel.jambalaya - Jambalaya -- PluginUtilities.logClassLoaderInformation()
2006.09.15 15:57:50.973 BST CONFIG: Loaded plugin dfki.protege.ontoviz -- PluginUtilities.logClassLoaderInformation()
2006.09.15 15:57:50.989 BST CONFIG: Loaded plugin edu.stanford.smi.protege.script - Script Plugin -- PluginUtilities.logClassLoaderInformation()
2006.09.15 15:57:51.004 BST CONFIG: Loaded plugin edu.stanford.smi.protegex.standard_extensions - Graph Widget, Table Widget -- PluginUtilities.logClassLoaderInformation()
2006.09.15 15:57:51.020 BST CONFIG: Loaded plugin edu.stanford.smi.protege.stringsearch - String Search Tab -- PluginUtilities.logClassLoaderInformation()
2006.09.15 15:57:51.036 BST CONFIG: Loaded plugin edu.stanford.smi.protegex.pal_tabs - PAL Tabs -- PluginUtilities.logClassLoaderInformation()
2006.09.15 15:57:51.036 BST CONFIG: Loaded plugin edu.stanford.smi.protegex.ezpal - EZPal Tab -- PluginUtilities.logClassLoaderInformation()
2006.09.15 15:57:51.051 BST CONFIG: Loaded plugin edu.stanford.smi.protegex.facets_tab -- PluginUtilities.logClassLoaderInformation()
2006.09.15 15:57:51.051 BST CONFIG: Loaded plugin edu.stanford.smi.protegex.instance_tree -- PluginUtilities.logClassLoaderInformation()
2006.09.15 15:57:51.067 BST CONFIG: Loaded plugin edu.stanford.smi.protegex.prompt - PROMPT tab -- PluginUtilities.logClassLoaderInformation()
2006.09.15 15:57:51.067 BST CONFIG: Loaded plugin edu.stanford.smi.protegex.psm - PSM Librarian -- PluginUtilities.logClassLoaderInformation()
2006.09.15 15:57:51.067 BST CONFIG: Loaded plugin edu.stanford.smi.protegex.rdf_backend - RDF Backend -- PluginUtilities.logClassLoaderInformation()
2006.09.15 15:57:51.083 BST CONFIG: Loaded plugin edu.stanford.smi.protegex.umls_tab - UMLS Tab -- PluginUtilities.logClassLoaderInformation()
2006.09.15 15:57:51.083 BST CONFIG: Loaded plugin edu.stanford.smi.protegex.wordnet - WordNet Tab -- PluginUtilities.logClassLoaderInformation()
2006.09.15 15:57:51.098 BST CONFIG: Loaded plugin edu.stanford.smi.protegex.xml_tab - XML Tab -- PluginUtilities.logClassLoaderInformation()
2006.09.15 15:57:51.098 BST CONFIG: Loaded plugin edu.washington.datagenie -- PluginUtilities.logClassLoaderInformation()
2006.09.15 15:57:51.114 BST CONFIG: Loaded plugin JessTab - JessTab Plugin -- PluginUtilities.logClassLoaderInformation()
2006.09.15 15:57:51.114 BST CONFIG: Loaded plugin org.algernon - Algernon -- PluginUtilities.logClassLoaderInformation()
2006.09.15 15:57:51.114 BST CONFIG: Loaded plugin uk.ac.ecs.iam.akt.tgviztab - TGVizTab -- PluginUtilities.logClassLoaderInformation()
2006.09.15 15:57:51.129 BST CONFIG: Loaded plugin uk.ac.man.cs.mig.coode.owldoc -- PluginUtilities.logClassLoaderInformation()
2006.09.15 15:57:51.129 BST CONFIG: Loaded plugin uk.ac.man.cs.mig.coode.owlviz -- PluginUtilities.logClassLoaderInformation()
2006.09.15 15:57:51.145 BST CONFIG: Loaded plugin uk.ac.man.cs.mig.coode.protege.wizard - Basic Wizards -- PluginUtilities.logClassLoaderInformation()
2006.09.15 15:57:51.161 BST CONFIG: Loaded plugin uk.ac.man.cs.mig.coode.protege.wizard.owl - OWL Wizards -- PluginUtilities.logClassLoaderInformation()
2006.09.15 15:57:51.192 BST WARNING: java.lang.NullPointerException -- ProjectManager.setLookAndFeel()
